This file contains any messages produced by compilers while
running configure, to aid debugging if configure makes a mistake.

It was created by meme configure 5.0.1, which was
generated by GNU Autoconf 2.69.  Invocation command line was

  $ ./configure --prefix=/home/melvin/Desktop/cleaned_workflow/external_scripts/meme --with-url=http://meme-suite.org/ --enable-build-libxml2 --enable-build-libxslt --no-create --no-recursion

## --------- ##
## Platform. ##
## --------- ##

hostname = melvin-GE72-2QF
uname -m = x86_64
uname -r = 4.15.0-42-generic
uname -s = Linux
uname -v = #45-Ubuntu SMP Thu Nov 15 19:32:57 UTC 2018

/usr/bin/uname -p = unknown
/bin/uname -X     = unknown

/bin/arch              = unknown
/usr/bin/arch -k       = unknown
/usr/convex/getsysinfo = unknown
/usr/bin/hostinfo      = unknown
/bin/machine           = unknown
/usr/bin/oslevel       = unknown
/bin/universe          = unknown

PATH: /home/melvin/anaconda3/envs/dhcl_p/bin
PATH: /home/melvin/anaconda3/bin
PATH: /home/melvin/meme/bin
PATH: /usr/local/sbin
PATH: /usr/local/bin
PATH: /usr/sbin
PATH: /usr/bin
PATH: /sbin
PATH: /bin
PATH: /usr/games
PATH: /usr/local/games
PATH: /snap/bin


## ----------- ##
## Core tests. ##
## ----------- ##

configure:2447: checking for a BSD-compatible install
configure:2515: result: /usr/bin/install -c
configure:2526: checking whether build environment is sane
configure:2581: result: yes
configure:2732: checking for a thread-safe mkdir -p
configure:2771: result: /bin/mkdir -p
configure:2778: checking for gawk
configure:2794: found /usr/bin/gawk
configure:2805: result: gawk
configure:2816: checking whether make sets $(MAKE)
configure:2838: result: yes
configure:2867: checking whether make supports nested variables
configure:2884: result: yes
configure:3021: checking whether make supports nested variables
configure:3038: result: yes
configure:3100: checking for gcc
configure:3116: found /usr/bin/gcc
configure:3127: result: gcc
configure:3356: checking for C compiler version
configure:3365: gcc --version >&5
gcc (Ubuntu 7.3.0-16ubuntu3) 7.3.0
Copyright (C) 2017 Free Software Foundation, Inc.
This is free software; see the source for copying conditions.  There is NO
warranty; not even for MERCHANTABILITY or FITNESS FOR A PARTICULAR PURPOSE.

configure:3376: $? = 0
configure:3365: gcc -v >&5
Using built-in specs.
COLLECT_GCC=gcc
COLLECT_LTO_WRAPPER=/usr/lib/gcc/x86_64-linux-gnu/7/lto-wrapper
OFFLOAD_TARGET_NAMES=nvptx-none
OFFLOAD_TARGET_DEFAULT=1
Target: x86_64-linux-gnu
Configured with: ../src/configure -v --with-pkgversion='Ubuntu 7.3.0-16ubuntu3' --with-bugurl=file:///usr/share/doc/gcc-7/README.Bugs --enable-languages=c,ada,c++,go,brig,d,fortran,objc,obj-c++ --prefix=/usr --with-gcc-major-version-only --with-as=/usr/bin/x86_64-linux-gnu-as --with-ld=/usr/bin/x86_64-linux-gnu-ld --program-suffix=-7 --program-prefix=x86_64-linux-gnu- --enable-shared --enable-linker-build-id --libexecdir=/usr/lib --without-included-gettext --enable-threads=posix --libdir=/usr/lib --enable-nls --with-sysroot=/ --enable-clocale=gnu --enable-libstdcxx-debug --enable-libstdcxx-time=yes --with-default-libstdcxx-abi=new --enable-gnu-unique-object --disable-vtable-verify --enable-libmpx --enable-plugin --enable-default-pie --with-system-zlib --with-target-system-zlib --enable-objc-gc=auto --enable-multiarch --disable-werror --with-arch-32=i686 --with-abi=m64 --with-multilib-list=m32,m64,mx32 --enable-multilib --with-tune=generic --enable-offload-targets=nvptx-none --without-cuda-driver --enable-checking=release --build=x86_64-linux-gnu --host=x86_64-linux-gnu --target=x86_64-linux-gnu
Thread model: posix
gcc version 7.3.0 (Ubuntu 7.3.0-16ubuntu3) 
configure:3376: $? = 0
configure:3365: gcc -V >&5
gcc: error: unrecognized command line option '-V'
gcc: fatal error: no input files
compilation terminated.
configure:3376: $? = 1
configure:3365: gcc -qversion >&5
gcc: error: unrecognized command line option '-qversion'; did you mean '--version'?
gcc: fatal error: no input files
compilation terminated.
configure:3376: $? = 1
configure:3396: checking whether the C compiler works
configure:3418: gcc    conftest.c  >&5
configure:3422: $? = 0
configure:3470: result: yes
configure:3473: checking for C compiler default output file name
configure:3475: result: a.out
configure:3481: checking for suffix of executables
configure:3488: gcc -o conftest    conftest.c  >&5
configure:3492: $? = 0
configure:3514: result: 
configure:3536: checking whether we are cross compiling
configure:3544: gcc -o conftest    conftest.c  >&5
configure:3548: $? = 0
configure:3555: ./conftest
configure:3559: $? = 0
configure:3574: result: no
configure:3579: checking for suffix of object files
configure:3601: gcc -c   conftest.c >&5
configure:3605: $? = 0
configure:3626: result: o
configure:3630: checking whether we are using the GNU C compiler
configure:3649: gcc -c   conftest.c >&5
configure:3649: $? = 0
configure:3658: result: yes
configure:3667: checking whether gcc accepts -g
configure:3687: gcc -c -g  conftest.c >&5
configure:3687: $? = 0
configure:3728: result: yes
configure:3745: checking for gcc option to accept ISO C89
configure:3808: gcc  -c -g -O2  conftest.c >&5
configure:3808: $? = 0
configure:3821: result: none needed
configure:3846: checking whether gcc understands -c and -o together
configure:3868: gcc -c conftest.c -o conftest2.o
configure:3871: $? = 0
configure:3868: gcc -c conftest.c -o conftest2.o
configure:3871: $? = 0
configure:3883: result: yes
configure:3911: checking for style of include used by make
configure:3939: result: GNU
configure:3965: checking dependency style of gcc
configure:4076: result: gcc3
configure:4092: checking whether gcc and cc understand -c and -o together
configure:4123: gcc -c conftest.c -o conftest2.o >&5
configure:4127: $? = 0
configure:4133: gcc -c conftest.c -o conftest2.o >&5
configure:4137: $? = 0
configure:4148: cc -c conftest.c >&5
configure:4152: $? = 0
configure:4160: cc -c conftest.c -o conftest2.o >&5
configure:4164: $? = 0
configure:4170: cc -c conftest.c -o conftest2.o >&5
configure:4174: $? = 0
configure:4192: result: yes
configure:4231: checking build system type
configure:4245: result: x86_64-unknown-linux-gnu
configure:4265: checking host system type
configure:4278: result: x86_64-unknown-linux-gnu
configure:4319: checking how to print strings
configure:4346: result: printf
configure:4367: checking for a sed that does not truncate output
configure:4431: result: /bin/sed
configure:4449: checking for grep that handles long lines and -e
configure:4507: result: /bin/grep
configure:4512: checking for egrep
configure:4574: result: /bin/grep -E
configure:4579: checking for fgrep
configure:4641: result: /bin/grep -F
configure:4676: checking for ld used by gcc
configure:4743: result: /usr/bin/x86_64-linux-gnu-ld
configure:4750: checking if the linker (/usr/bin/x86_64-linux-gnu-ld) is GNU ld
configure:4765: result: yes
configure:4777: checking for BSD- or MS-compatible name lister (nm)
configure:4831: result: /usr/bin/nm -B
configure:4961: checking the name lister (/usr/bin/nm -B) interface
configure:4968: gcc -c -g -O2  conftest.c >&5
configure:4971: /usr/bin/nm -B "conftest.o"
configure:4974: output
0000000000000000 B some_variable
configure:4981: result: BSD nm
configure:4984: checking whether ln -s works
configure:4988: result: yes
configure:4996: checking the maximum length of command line arguments
configure:5127: result: 1572864
configure:5175: checking how to convert x86_64-unknown-linux-gnu file names to x86_64-unknown-linux-gnu format
configure:5215: result: func_convert_file_noop
configure:5222: checking how to convert x86_64-unknown-linux-gnu file names to toolchain format
configure:5242: result: func_convert_file_noop
configure:5249: checking for /usr/bin/x86_64-linux-gnu-ld option to reload object files
configure:5256: result: -r
configure:5330: checking for objdump
configure:5346: found /usr/bin/objdump
configure:5357: result: objdump
configure:5389: checking how to recognize dependent libraries
configure:5589: result: pass_all
configure:5674: checking for dlltool
configure:5704: result: no
configure:5734: checking how to associate runtime and link libraries
configure:5761: result: printf %s\n
configure:5822: checking for ar
configure:5838: found /usr/bin/ar
configure:5849: result: ar
configure:5886: checking for archiver @FILE support
configure:5903: gcc -c -g -O2  conftest.c >&5
configure:5903: $? = 0
configure:5906: ar cru libconftest.a @conftest.lst >&5
ar: `u' modifier ignored since `D' is the default (see `U')
configure:5909: $? = 0
configure:5914: ar cru libconftest.a @conftest.lst >&5
ar: `u' modifier ignored since `D' is the default (see `U')
ar: conftest.o: No such file or directory
configure:5917: $? = 1
configure:5929: result: @
configure:5987: checking for strip
configure:6003: found /usr/bin/strip
configure:6014: result: strip
configure:6086: checking for ranlib
configure:6102: found /usr/bin/ranlib
configure:6113: result: ranlib
configure:6215: checking command to parse /usr/bin/nm -B output from gcc object
configure:6368: gcc -c -g -O2  conftest.c >&5
configure:6371: $? = 0
configure:6375: /usr/bin/nm -B conftest.o \| sed -n -e 's/^.*[ ]\([ABCDGIRSTW][ABCDGIRSTW]*\)[ ][ ]*\([_A-Za-z][_A-Za-z0-9]*\)$/\1 \2 \2/p' | sed '/ __gnu_lto/d' \> conftest.nm
configure:6378: $? = 0
configure:6444: gcc -o conftest -g -O2   conftest.c conftstm.o >&5
configure:6447: $? = 0
configure:6485: result: ok
configure:6532: checking for sysroot
configure:6562: result: no
configure:6569: checking for a working dd
configure:6607: result: /bin/dd
configure:6611: checking how to truncate binary pipes
configure:6626: result: /bin/dd bs=4096 count=1
configure:6762: gcc -c -g -O2  conftest.c >&5
configure:6765: $? = 0
configure:6955: checking for mt
configure:6971: found /bin/mt
configure:6982: result: mt
configure:7005: checking if mt is a manifest tool
configure:7011: mt '-?'
configure:7019: result: no
configure:7696: checking how to run the C preprocessor
configure:7727: gcc -E  conftest.c
configure:7727: $? = 0
configure:7741: gcc -E  conftest.c
conftest.c:11:10: fatal error: ac_nonexistent.h: No such file or directory
 #include <ac_nonexistent.h>
          ^~~~~~~~~~~~~~~~~~
compilation terminated.
configure:7741: $? = 1
configure: failed program was:
| /* confdefs.h */
| #define PACKAGE_NAME "meme"
| #define PACKAGE_TARNAME "meme"
| #define PACKAGE_VERSION "5.0.1"
| #define PACKAGE_STRING "meme 5.0.1"
| #define PACKAGE_BUGREPORT ""
| #define PACKAGE_URL ""
| #define PACKAGE "meme"
| #define VERSION "5.0.1"
| /* end confdefs.h.  */
| #include <ac_nonexistent.h>
configure:7766: result: gcc -E
configure:7786: gcc -E  conftest.c
configure:7786: $? = 0
configure:7800: gcc -E  conftest.c
conftest.c:11:10: fatal error: ac_nonexistent.h: No such file or directory
 #include <ac_nonexistent.h>
          ^~~~~~~~~~~~~~~~~~
compilation terminated.
configure:7800: $? = 1
configure: failed program was:
| /* confdefs.h */
| #define PACKAGE_NAME "meme"
| #define PACKAGE_TARNAME "meme"
| #define PACKAGE_VERSION "5.0.1"
| #define PACKAGE_STRING "meme 5.0.1"
| #define PACKAGE_BUGREPORT ""
| #define PACKAGE_URL ""
| #define PACKAGE "meme"
| #define VERSION "5.0.1"
| /* end confdefs.h.  */
| #include <ac_nonexistent.h>
configure:7829: checking for ANSI C header files
configure:7849: gcc -c -g -O2  conftest.c >&5
configure:7849: $? = 0
configure:7922: gcc -o conftest -g -O2   conftest.c  >&5
configure:7922: $? = 0
configure:7922: ./conftest
configure:7922: $? = 0
configure:7933: result: yes
configure:7946: checking for sys/types.h
configure:7946: gcc -c -g -O2  conftest.c >&5
configure:7946: $? = 0
configure:7946: result: yes
configure:7946: checking for sys/stat.h
configure:7946: gcc -c -g -O2  conftest.c >&5
configure:7946: $? = 0
configure:7946: result: yes
configure:7946: checking for stdlib.h
configure:7946: gcc -c -g -O2  conftest.c >&5
configure:7946: $? = 0
configure:7946: result: yes
configure:7946: checking for string.h
configure:7946: gcc -c -g -O2  conftest.c >&5
configure:7946: $? = 0
configure:7946: result: yes
configure:7946: checking for memory.h
configure:7946: gcc -c -g -O2  conftest.c >&5
configure:7946: $? = 0
configure:7946: result: yes
configure:7946: checking for strings.h
configure:7946: gcc -c -g -O2  conftest.c >&5
configure:7946: $? = 0
configure:7946: result: yes
configure:7946: checking for inttypes.h
configure:7946: gcc -c -g -O2  conftest.c >&5
configure:7946: $? = 0
configure:7946: result: yes
configure:7946: checking for stdint.h
configure:7946: gcc -c -g -O2  conftest.c >&5
configure:7946: $? = 0
configure:7946: result: yes
configure:7946: checking for unistd.h
configure:7946: gcc -c -g -O2  conftest.c >&5
configure:7946: $? = 0
configure:7946: result: yes
configure:7960: checking for dlfcn.h
configure:7960: gcc -c -g -O2  conftest.c >&5
configure:7960: $? = 0
configure:7960: result: yes
configure:8216: checking for objdir
configure:8231: result: .libs
configure:8495: checking if gcc supports -fno-rtti -fno-exceptions
configure:8513: gcc -c -g -O2  -fno-rtti -fno-exceptions conftest.c >&5
cc1: warning: command line option '-fno-rtti' is valid for C++/ObjC++ but not for C
configure:8517: $? = 0
configure:8530: result: no
configure:8888: checking for gcc option to produce PIC
configure:8895: result: -fPIC -DPIC
configure:8903: checking if gcc PIC flag -fPIC -DPIC works
configure:8921: gcc -c -g -O2  -fPIC -DPIC -DPIC conftest.c >&5
configure:8925: $? = 0
configure:8938: result: yes
configure:8967: checking if gcc static flag -static works
configure:8995: result: yes
configure:9010: checking if gcc supports -c -o file.o
configure:9031: gcc -c -g -O2  -o out/conftest2.o conftest.c >&5
configure:9035: $? = 0
configure:9057: result: yes
configure:9065: checking if gcc supports -c -o file.o
configure:9112: result: yes
configure:9145: checking whether the gcc linker (/usr/bin/x86_64-linux-gnu-ld -m elf_x86_64) supports shared libraries
configure:10404: result: yes
configure:10441: checking whether -lc should be explicitly linked in
configure:10449: gcc -c -g -O2  conftest.c >&5
configure:10452: $? = 0
configure:10467: gcc -shared  -fPIC -DPIC conftest.o  -v -Wl,-soname -Wl,conftest -o conftest 2\>\&1 \| /bin/grep  -lc  \>/dev/null 2\>\&1
configure:10470: $? = 0
configure:10484: result: no
configure:10644: checking dynamic linker characteristics
configure:11225: gcc -o conftest -g -O2   -Wl,-rpath -Wl,/foo conftest.c  >&5
configure:11225: $? = 0
configure:11462: result: GNU/Linux ld.so
configure:11584: checking how to hardcode library paths into programs
configure:11609: result: immediate
configure:12157: checking whether stripping libraries is possible
configure:12162: result: yes
configure:12197: checking if libtool supports shared libraries
configure:12199: result: yes
configure:12202: checking whether to build shared libraries
configure:12227: result: yes
configure:12230: checking whether to build static libraries
configure:12234: result: yes
configure:12272: checking whether make sets $(MAKE)
configure:12294: result: yes
configure:12305: checking for ld
configure:12335: result: /usr/bin/x86_64-linux-gnu-ld -m elf_x86_64
configure:12345: checking for sed
configure:12375: result: /bin/sed
configure:12385: checking for sendmail
configure:12417: result: /usr/lib/sendmail
configure:12427: checking for perl
configure:12445: found /usr/bin/perl
configure:12457: result: /usr/bin/perl
configure:12467: checking for python
configure:12485: found /home/melvin/anaconda3/envs/dhcl_p/bin/python
configure:12497: result: /home/melvin/anaconda3/envs/dhcl_p/bin/python
configure:12507: checking for python3
configure:12537: result: /home/melvin/anaconda3/envs/dhcl_p/bin/python
configure:12547: checking for convert
configure:12565: found /usr/bin/convert
configure:12577: result: /usr/bin/convert
configure:12587: checking for gs
configure:12605: found /usr/bin/gs
configure:12617: result: /usr/bin/gs
configure:12627: checking for xml2-config
configure:12645: found /home/melvin/anaconda3/bin/xml2-config
configure:12657: result: /home/melvin/anaconda3/bin/xml2-config
configure:12667: checking for xslt-config
configure:12685: found /home/melvin/anaconda3/bin/xslt-config
configure:12697: result: /home/melvin/anaconda3/bin/xslt-config
configure:12707: checking for ant
configure:12740: result: no
configure:12753: checking for isnan, sqrt, log, exp, fabs, pow, floor, ceil in -lm
configure:12778: gcc -o conftest -g -O2   conftest.c -lm   >&5
conftest.c:31:6: warning: built-in function 'isnan' declared as non-function
 char isnan, sqrt, log, exp, fabs, pow, floor, ceil ();
      ^~~~~
conftest.c:31:13: warning: built-in function 'sqrt' declared as non-function
 char isnan, sqrt, log, exp, fabs, pow, floor, ceil ();
             ^~~~
conftest.c:31:19: warning: built-in function 'log' declared as non-function
 char isnan, sqrt, log, exp, fabs, pow, floor, ceil ();
                   ^~~
conftest.c:31:24: warning: built-in function 'exp' declared as non-function
 char isnan, sqrt, log, exp, fabs, pow, floor, ceil ();
                        ^~~
conftest.c:31:29: warning: built-in function 'fabs' declared as non-function
 char isnan, sqrt, log, exp, fabs, pow, floor, ceil ();
                             ^~~~
conftest.c:31:35: warning: built-in function 'pow' declared as non-function
 char isnan, sqrt, log, exp, fabs, pow, floor, ceil ();
                                   ^~~
conftest.c:31:40: warning: built-in function 'floor' declared as non-function
 char isnan, sqrt, log, exp, fabs, pow, floor, ceil ();
                                        ^~~~~
conftest.c:31:47: warning: conflicting types for built-in function 'ceil' [-Wbuiltin-declaration-mismatch]
 char isnan, sqrt, log, exp, fabs, pow, floor, ceil ();
                                               ^~~~
configure:12778: $? = 0
configure:12787: result: yes
configure:12801: checking for compress in -lz
configure:12826: gcc -o conftest -g -O2   conftest.c -lz  -lm  >&5
configure:12826: $? = 0
configure:12835: result: yes
configure:12851: checking for ANSI C header files
configure:12955: result: yes
configure:12963: checking for sys/wait.h that is POSIX.1 compatible
configure:12989: gcc -c -g -O2  conftest.c >&5
configure:12989: $? = 0
configure:12996: result: yes
configure:13007: checking arpa/inet.h usability
configure:13007: gcc -c -g -O2  conftest.c >&5
configure:13007: $? = 0
configure:13007: result: yes
configure:13007: checking arpa/inet.h presence
configure:13007: gcc -E  conftest.c
configure:13007: $? = 0
configure:13007: result: yes
configure:13007: checking for arpa/inet.h
configure:13007: result: yes
configure:13007: checking ctype.h usability
configure:13007: gcc -c -g -O2  conftest.c >&5
configure:13007: $? = 0
configure:13007: result: yes
configure:13007: checking ctype.h presence
configure:13007: gcc -E  conftest.c
configure:13007: $? = 0
configure:13007: result: yes
configure:13007: checking for ctype.h
configure:13007: result: yes
configure:13007: checking fcntl.h usability
configure:13007: gcc -c -g -O2  conftest.c >&5
configure:13007: $? = 0
configure:13007: result: yes
configure:13007: checking fcntl.h presence
configure:13007: gcc -E  conftest.c
configure:13007: $? = 0
configure:13007: result: yes
configure:13007: checking for fcntl.h
configure:13007: result: yes
configure:13007: checking limits.h usability
configure:13007: gcc -c -g -O2  conftest.c >&5
configure:13007: $? = 0
configure:13007: result: yes
configure:13007: checking limits.h presence
configure:13007: gcc -E  conftest.c
configure:13007: $? = 0
configure:13007: result: yes
configure:13007: checking for limits.h
configure:13007: result: yes
configure:13007: checking netdb.h usability
configure:13007: gcc -c -g -O2  conftest.c >&5
configure:13007: $? = 0
configure:13007: result: yes
configure:13007: checking netdb.h presence
configure:13007: gcc -E  conftest.c
configure:13007: $? = 0
configure:13007: result: yes
configure:13007: checking for netdb.h
configure:13007: result: yes
configure:13007: checking netinet/in.h usability
configure:13007: gcc -c -g -O2  conftest.c >&5
configure:13007: $? = 0
configure:13007: result: yes
configure:13007: checking netinet/in.h presence
configure:13007: gcc -E  conftest.c
configure:13007: $? = 0
configure:13007: result: yes
configure:13007: checking for netinet/in.h
configure:13007: result: yes
configure:13007: checking for stdlib.h
configure:13007: result: yes
configure:13007: checking for string.h
configure:13007: result: yes
configure:13007: checking for strings.h
configure:13007: result: yes
configure:13007: checking sys/socket.h usability
configure:13007: gcc -c -g -O2  conftest.c >&5
configure:13007: $? = 0
configure:13007: result: yes
configure:13007: checking sys/socket.h presence
configure:13007: gcc -E  conftest.c
configure:13007: $? = 0
configure:13007: result: yes
configure:13007: checking for sys/socket.h
configure:13007: result: yes
configure:13007: checking sys/time.h usability
configure:13007: gcc -c -g -O2  conftest.c >&5
configure:13007: $? = 0
configure:13007: result: yes
configure:13007: checking sys/time.h presence
configure:13007: gcc -E  conftest.c
configure:13007: $? = 0
configure:13007: result: yes
configure:13007: checking for sys/time.h
configure:13007: result: yes
configure:13007: checking for unistd.h
configure:13007: result: yes
configure:13019: checking for an ANSI C-conforming const
configure:13085: gcc -c -g -O2  conftest.c >&5
configure:13085: $? = 0
configure:13092: result: yes
configure:13100: checking for stdbool.h that conforms to C99
configure:13167: gcc -c -g -O2  conftest.c >&5
configure:13167: $? = 0
configure:13174: result: yes
configure:13176: checking for _Bool
configure:13176: gcc -c -g -O2  conftest.c >&5
configure:13176: $? = 0
configure:13176: gcc -c -g -O2  conftest.c >&5
conftest.c: In function 'main':
conftest.c:76:20: error: expected expression before ')' token
 if (sizeof ((_Bool)))
                    ^
configure:13176: $? = 1
configure: failed program was:
| /* confdefs.h */
| #define PACKAGE_NAME "meme"
| #define PACKAGE_TARNAME "meme"
| #define PACKAGE_VERSION "5.0.1"
| #define PACKAGE_STRING "meme 5.0.1"
| #define PACKAGE_BUGREPORT ""
| #define PACKAGE_URL ""
| #define PACKAGE "meme"
| #define VERSION "5.0.1"
| #define STDC_HEADERS 1
| #define HAVE_SYS_TYPES_H 1
| #define HAVE_SYS_STAT_H 1
| #define HAVE_STDLIB_H 1
| #define HAVE_STRING_H 1
| #define HAVE_MEMORY_H 1
| #define HAVE_STRINGS_H 1
| #define HAVE_INTTYPES_H 1
| #define HAVE_STDINT_H 1
| #define HAVE_UNISTD_H 1
| #define HAVE_DLFCN_H 1
| #define LT_OBJDIR ".libs/"
| #define HOSTNAME "melvin-GE72-2QF"
| #define HAVE_LIBM 1
| #define HAVE_LIBZ 1
| #define STDC_HEADERS 1
| #define HAVE_SYS_WAIT_H 1
| #define HAVE_ARPA_INET_H 1
| #define HAVE_CTYPE_H 1
| #define HAVE_FCNTL_H 1
| #define HAVE_LIMITS_H 1
| #define HAVE_NETDB_H 1
| #define HAVE_NETINET_IN_H 1
| #define HAVE_STDLIB_H 1
| #define HAVE_STRING_H 1
| #define HAVE_STRINGS_H 1
| #define HAVE_SYS_SOCKET_H 1
| #define HAVE_SYS_TIME_H 1
| #define HAVE_UNISTD_H 1
| /* end confdefs.h.  */
| #include <stdio.h>
| #ifdef HAVE_SYS_TYPES_H
| # include <sys/types.h>
| #endif
| #ifdef HAVE_SYS_STAT_H
| # include <sys/stat.h>
| #endif
| #ifdef STDC_HEADERS
| # include <stdlib.h>
| # include <stddef.h>
| #else
| # ifdef HAVE_STDLIB_H
| #  include <stdlib.h>
| # endif
| #endif
| #ifdef HAVE_STRING_H
| # if !defined STDC_HEADERS && defined HAVE_MEMORY_H
| #  include <memory.h>
| # endif
| # include <string.h>
| #endif
| #ifdef HAVE_STRINGS_H
| # include <strings.h>
| #endif
| #ifdef HAVE_INTTYPES_H
| # include <inttypes.h>
| #endif
| #ifdef HAVE_STDINT_H
| # include <stdint.h>
| #endif
| #ifdef HAVE_UNISTD_H
| # include <unistd.h>
| #endif
| int
| main ()
| {
| if (sizeof ((_Bool)))
| 	    return 0;
|   ;
|   return 0;
| }
configure:13176: result: yes
configure:13193: checking for pid_t
configure:13193: gcc -c -g -O2  conftest.c >&5
configure:13193: $? = 0
configure:13193: gcc -c -g -O2  conftest.c >&5
conftest.c: In function 'main':
conftest.c:78:20: error: expected expression before ')' token
 if (sizeof ((pid_t)))
                    ^
configure:13193: $? = 1
configure: failed program was:
| /* confdefs.h */
| #define PACKAGE_NAME "meme"
| #define PACKAGE_TARNAME "meme"
| #define PACKAGE_VERSION "5.0.1"
| #define PACKAGE_STRING "meme 5.0.1"
| #define PACKAGE_BUGREPORT ""
| #define PACKAGE_URL ""
| #define PACKAGE "meme"
| #define VERSION "5.0.1"
| #define STDC_HEADERS 1
| #define HAVE_SYS_TYPES_H 1
| #define HAVE_SYS_STAT_H 1
| #define HAVE_STDLIB_H 1
| #define HAVE_STRING_H 1
| #define HAVE_MEMORY_H 1
| #define HAVE_STRINGS_H 1
| #define HAVE_INTTYPES_H 1
| #define HAVE_STDINT_H 1
| #define HAVE_UNISTD_H 1
| #define HAVE_DLFCN_H 1
| #define LT_OBJDIR ".libs/"
| #define HOSTNAME "melvin-GE72-2QF"
| #define HAVE_LIBM 1
| #define HAVE_LIBZ 1
| #define STDC_HEADERS 1
| #define HAVE_SYS_WAIT_H 1
| #define HAVE_ARPA_INET_H 1
| #define HAVE_CTYPE_H 1
| #define HAVE_FCNTL_H 1
| #define HAVE_LIMITS_H 1
| #define HAVE_NETDB_H 1
| #define HAVE_NETINET_IN_H 1
| #define HAVE_STDLIB_H 1
| #define HAVE_STRING_H 1
| #define HAVE_STRINGS_H 1
| #define HAVE_SYS_SOCKET_H 1
| #define HAVE_SYS_TIME_H 1
| #define HAVE_UNISTD_H 1
| #define HAVE__BOOL 1
| #define HAVE_STDBOOL_H 1
| /* end confdefs.h.  */
| #include <stdio.h>
| #ifdef HAVE_SYS_TYPES_H
| # include <sys/types.h>
| #endif
| #ifdef HAVE_SYS_STAT_H
| # include <sys/stat.h>
| #endif
| #ifdef STDC_HEADERS
| # include <stdlib.h>
| # include <stddef.h>
| #else
| # ifdef HAVE_STDLIB_H
| #  include <stdlib.h>
| # endif
| #endif
| #ifdef HAVE_STRING_H
| # if !defined STDC_HEADERS && defined HAVE_MEMORY_H
| #  include <memory.h>
| # endif
| # include <string.h>
| #endif
| #ifdef HAVE_STRINGS_H
| # include <strings.h>
| #endif
| #ifdef HAVE_INTTYPES_H
| # include <inttypes.h>
| #endif
| #ifdef HAVE_STDINT_H
| # include <stdint.h>
| #endif
| #ifdef HAVE_UNISTD_H
| # include <unistd.h>
| #endif
| int
| main ()
| {
| if (sizeof ((pid_t)))
| 	    return 0;
|   ;
|   return 0;
| }
configure:13193: result: yes
configure:13204: checking for size_t
configure:13204: gcc -c -g -O2  conftest.c >&5
configure:13204: $? = 0
configure:13204: gcc -c -g -O2  conftest.c >&5
conftest.c: In function 'main':
conftest.c:78:21: error: expected expression before ')' token
 if (sizeof ((size_t)))
                     ^
configure:13204: $? = 1
configure: failed program was:
| /* confdefs.h */
| #define PACKAGE_NAME "meme"
| #define PACKAGE_TARNAME "meme"
| #define PACKAGE_VERSION "5.0.1"
| #define PACKAGE_STRING "meme 5.0.1"
| #define PACKAGE_BUGREPORT ""
| #define PACKAGE_URL ""
| #define PACKAGE "meme"
| #define VERSION "5.0.1"
| #define STDC_HEADERS 1
| #define HAVE_SYS_TYPES_H 1
| #define HAVE_SYS_STAT_H 1
| #define HAVE_STDLIB_H 1
| #define HAVE_STRING_H 1
| #define HAVE_MEMORY_H 1
| #define HAVE_STRINGS_H 1
| #define HAVE_INTTYPES_H 1
| #define HAVE_STDINT_H 1
| #define HAVE_UNISTD_H 1
| #define HAVE_DLFCN_H 1
| #define LT_OBJDIR ".libs/"
| #define HOSTNAME "melvin-GE72-2QF"
| #define HAVE_LIBM 1
| #define HAVE_LIBZ 1
| #define STDC_HEADERS 1
| #define HAVE_SYS_WAIT_H 1
| #define HAVE_ARPA_INET_H 1
| #define HAVE_CTYPE_H 1
| #define HAVE_FCNTL_H 1
| #define HAVE_LIMITS_H 1
| #define HAVE_NETDB_H 1
| #define HAVE_NETINET_IN_H 1
| #define HAVE_STDLIB_H 1
| #define HAVE_STRING_H 1
| #define HAVE_STRINGS_H 1
| #define HAVE_SYS_SOCKET_H 1
| #define HAVE_SYS_TIME_H 1
| #define HAVE_UNISTD_H 1
| #define HAVE__BOOL 1
| #define HAVE_STDBOOL_H 1
| /* end confdefs.h.  */
| #include <stdio.h>
| #ifdef HAVE_SYS_TYPES_H
| # include <sys/types.h>
| #endif
| #ifdef HAVE_SYS_STAT_H
| # include <sys/stat.h>
| #endif
| #ifdef STDC_HEADERS
| # include <stdlib.h>
| # include <stddef.h>
| #else
| # ifdef HAVE_STDLIB_H
| #  include <stdlib.h>
| # endif
| #endif
| #ifdef HAVE_STRING_H
| # if !defined STDC_HEADERS && defined HAVE_MEMORY_H
| #  include <memory.h>
| # endif
| # include <string.h>
| #endif
| #ifdef HAVE_STRINGS_H
| # include <strings.h>
| #endif
| #ifdef HAVE_INTTYPES_H
| # include <inttypes.h>
| #endif
| #ifdef HAVE_STDINT_H
| # include <stdint.h>
| #endif
| #ifdef HAVE_UNISTD_H
| # include <unistd.h>
| #endif
| int
| main ()
| {
| if (sizeof ((size_t)))
| 	    return 0;
|   ;
|   return 0;
| }
configure:13204: result: yes
configure:13219: checking vfork.h usability
configure:13219: gcc -c -g -O2  conftest.c >&5
conftest.c:75:10: fatal error: vfork.h: No such file or directory
 #include <vfork.h>
          ^~~~~~~~~
compilation terminated.
configure:13219: $? = 1
configure: failed program was:
| /* confdefs.h */
| #define PACKAGE_NAME "meme"
| #define PACKAGE_TARNAME "meme"
| #define PACKAGE_VERSION "5.0.1"
| #define PACKAGE_STRING "meme 5.0.1"
| #define PACKAGE_BUGREPORT ""
| #define PACKAGE_URL ""
| #define PACKAGE "meme"
| #define VERSION "5.0.1"
| #define STDC_HEADERS 1
| #define HAVE_SYS_TYPES_H 1
| #define HAVE_SYS_STAT_H 1
| #define HAVE_STDLIB_H 1
| #define HAVE_STRING_H 1
| #define HAVE_MEMORY_H 1
| #define HAVE_STRINGS_H 1
| #define HAVE_INTTYPES_H 1
| #define HAVE_STDINT_H 1
| #define HAVE_UNISTD_H 1
| #define HAVE_DLFCN_H 1
| #define LT_OBJDIR ".libs/"
| #define HOSTNAME "melvin-GE72-2QF"
| #define HAVE_LIBM 1
| #define HAVE_LIBZ 1
| #define STDC_HEADERS 1
| #define HAVE_SYS_WAIT_H 1
| #define HAVE_ARPA_INET_H 1
| #define HAVE_CTYPE_H 1
| #define HAVE_FCNTL_H 1
| #define HAVE_LIMITS_H 1
| #define HAVE_NETDB_H 1
| #define HAVE_NETINET_IN_H 1
| #define HAVE_STDLIB_H 1
| #define HAVE_STRING_H 1
| #define HAVE_STRINGS_H 1
| #define HAVE_SYS_SOCKET_H 1
| #define HAVE_SYS_TIME_H 1
| #define HAVE_UNISTD_H 1
| #define HAVE__BOOL 1
| #define HAVE_STDBOOL_H 1
| /* end confdefs.h.  */
| #include <stdio.h>
| #ifdef HAVE_SYS_TYPES_H
| # include <sys/types.h>
| #endif
| #ifdef HAVE_SYS_STAT_H
| # include <sys/stat.h>
| #endif
| #ifdef STDC_HEADERS
| # include <stdlib.h>
| # include <stddef.h>
| #else
| # ifdef HAVE_STDLIB_H
| #  include <stdlib.h>
| # endif
| #endif
| #ifdef HAVE_STRING_H
| # if !defined STDC_HEADERS && defined HAVE_MEMORY_H
| #  include <memory.h>
| # endif
| # include <string.h>
| #endif
| #ifdef HAVE_STRINGS_H
| # include <strings.h>
| #endif
| #ifdef HAVE_INTTYPES_H
| # include <inttypes.h>
| #endif
| #ifdef HAVE_STDINT_H
| # include <stdint.h>
| #endif
| #ifdef HAVE_UNISTD_H
| # include <unistd.h>
| #endif
| #include <vfork.h>
configure:13219: result: no
configure:13219: checking vfork.h presence
configure:13219: gcc -E  conftest.c
conftest.c:42:10: fatal error: vfork.h: No such file or directory
 #include <vfork.h>
          ^~~~~~~~~
compilation terminated.
configure:13219: $? = 1
configure: failed program was:
| /* confdefs.h */
| #define PACKAGE_NAME "meme"
| #define PACKAGE_TARNAME "meme"
| #define PACKAGE_VERSION "5.0.1"
| #define PACKAGE_STRING "meme 5.0.1"
| #define PACKAGE_BUGREPORT ""
| #define PACKAGE_URL ""
| #define PACKAGE "meme"
| #define VERSION "5.0.1"
| #define STDC_HEADERS 1
| #define HAVE_SYS_TYPES_H 1
| #define HAVE_SYS_STAT_H 1
| #define HAVE_STDLIB_H 1
| #define HAVE_STRING_H 1
| #define HAVE_MEMORY_H 1
| #define HAVE_STRINGS_H 1
| #define HAVE_INTTYPES_H 1
| #define HAVE_STDINT_H 1
| #define HAVE_UNISTD_H 1
| #define HAVE_DLFCN_H 1
| #define LT_OBJDIR ".libs/"
| #define HOSTNAME "melvin-GE72-2QF"
| #define HAVE_LIBM 1
| #define HAVE_LIBZ 1
| #define STDC_HEADERS 1
| #define HAVE_SYS_WAIT_H 1
| #define HAVE_ARPA_INET_H 1
| #define HAVE_CTYPE_H 1
| #define HAVE_FCNTL_H 1
| #define HAVE_LIMITS_H 1
| #define HAVE_NETDB_H 1
| #define HAVE_NETINET_IN_H 1
| #define HAVE_STDLIB_H 1
| #define HAVE_STRING_H 1
| #define HAVE_STRINGS_H 1
| #define HAVE_SYS_SOCKET_H 1
| #define HAVE_SYS_TIME_H 1
| #define HAVE_UNISTD_H 1
| #define HAVE__BOOL 1
| #define HAVE_STDBOOL_H 1
| /* end confdefs.h.  */
| #include <vfork.h>
configure:13219: result: no
configure:13219: checking for vfork.h
configure:13219: result: no
configure:13232: checking for fork
configure:13232: gcc -o conftest -g -O2   conftest.c -lz -lm  >&5
conftest.c:65:6: warning: conflicting types for built-in function 'fork' [-Wbuiltin-declaration-mismatch]
 char fork ();
      ^~~~
configure:13232: $? = 0
configure:13232: result: yes
configure:13232: checking for vfork
configure:13232: gcc -o conftest -g -O2   conftest.c -lz -lm  >&5
configure:13232: $? = 0
configure:13232: result: yes
configure:13242: checking for working fork
configure:13264: gcc -o conftest -g -O2   conftest.c -lz -lm  >&5
configure:13264: $? = 0
configure:13264: ./conftest
configure:13264: $? = 0
configure:13274: result: yes
configure:13295: checking for working vfork
configure:13405: result: yes
configure:13432: checking for stdlib.h
configure:13432: result: yes
configure:13442: checking for GNU libc compatible malloc
configure:13466: gcc -o conftest -g -O2   conftest.c -lz -lm  >&5
configure:13466: $? = 0
configure:13466: ./conftest
configure:13466: $? = 0
configure:13476: result: yes
configure:13499: checking for stdlib.h
configure:13499: result: yes
configure:13509: checking for GNU libc compatible realloc
configure:13533: gcc -o conftest -g -O2   conftest.c -lz -lm  >&5
configure:13533: $? = 0
configure:13533: ./conftest
configure:13533: $? = 0
configure:13543: result: yes
configure:13564: checking return type of signal handlers
configure:13582: gcc -c -g -O2  conftest.c >&5
conftest.c: In function 'main':
conftest.c:56:10: error: void value not ignored as it ought to be
 return *(signal (0, 0)) (0) == 1;
         ~^~~~~~~~~~~~~~~~~~
configure:13582: $? = 1
configure: failed program was:
| /* confdefs.h */
| #define PACKAGE_NAME "meme"
| #define PACKAGE_TARNAME "meme"
| #define PACKAGE_VERSION "5.0.1"
| #define PACKAGE_STRING "meme 5.0.1"
| #define PACKAGE_BUGREPORT ""
| #define PACKAGE_URL ""
| #define PACKAGE "meme"
| #define VERSION "5.0.1"
| #define STDC_HEADERS 1
| #define HAVE_SYS_TYPES_H 1
| #define HAVE_SYS_STAT_H 1
| #define HAVE_STDLIB_H 1
| #define HAVE_STRING_H 1
| #define HAVE_MEMORY_H 1
| #define HAVE_STRINGS_H 1
| #define HAVE_INTTYPES_H 1
| #define HAVE_STDINT_H 1
| #define HAVE_UNISTD_H 1
| #define HAVE_DLFCN_H 1
| #define LT_OBJDIR ".libs/"
| #define HOSTNAME "melvin-GE72-2QF"
| #define HAVE_LIBM 1
| #define HAVE_LIBZ 1
| #define STDC_HEADERS 1
| #define HAVE_SYS_WAIT_H 1
| #define HAVE_ARPA_INET_H 1
| #define HAVE_CTYPE_H 1
| #define HAVE_FCNTL_H 1
| #define HAVE_LIMITS_H 1
| #define HAVE_NETDB_H 1
| #define HAVE_NETINET_IN_H 1
| #define HAVE_STDLIB_H 1
| #define HAVE_STRING_H 1
| #define HAVE_STRINGS_H 1
| #define HAVE_SYS_SOCKET_H 1
| #define HAVE_SYS_TIME_H 1
| #define HAVE_UNISTD_H 1
| #define HAVE__BOOL 1
| #define HAVE_STDBOOL_H 1
| #define HAVE_FORK 1
| #define HAVE_VFORK 1
| #define HAVE_WORKING_VFORK 1
| #define HAVE_WORKING_FORK 1
| #define HAVE_STDLIB_H 1
| #define HAVE_MALLOC 1
| #define HAVE_STDLIB_H 1
| #define HAVE_REALLOC 1
| /* end confdefs.h.  */
| #include <sys/types.h>
| #include <signal.h>
| 
| int
| main ()
| {
| return *(signal (0, 0)) (0) == 1;
|   ;
|   return 0;
| }
configure:13589: result: void
configure:13597: checking whether lstat correctly handles trailing slash
configure:13623: gcc -o conftest -g -O2   conftest.c -lz -lm  >&5
configure:13623: $? = 0
configure:13623: ./conftest
configure:13623: $? = 0
configure:13640: result: yes
configure:13659: checking whether stat accepts an empty string
configure:13679: gcc -o conftest -g -O2   conftest.c -lz -lm  >&5
configure:13679: $? = 0
configure:13679: ./conftest
configure:13679: $? = 0
configure:13689: result: no
configure:13708: checking for floor
configure:13708: gcc -o conftest -g -O2   conftest.c -lz -lm  >&5
conftest.c:75:6: warning: conflicting types for built-in function 'floor' [-Wbuiltin-declaration-mismatch]
 char floor ();
      ^~~~~
configure:13708: $? = 0
configure:13708: result: yes
configure:13708: checking for getcwd
configure:13708: gcc -o conftest -g -O2   conftest.c -lz -lm  >&5
configure:13708: $? = 0
configure:13708: result: yes
configure:13708: checking for gethostbyname
configure:13708: gcc -o conftest -g -O2   conftest.c -lz -lm  >&5
configure:13708: $? = 0
configure:13708: result: yes
configure:13708: checking for isascii
configure:13708: gcc -o conftest -g -O2   conftest.c -lz -lm  >&5
conftest.c:78:6: warning: conflicting types for built-in function 'isascii' [-Wbuiltin-declaration-mismatch]
 char isascii ();
      ^~~~~~~
configure:13708: $? = 0
configure:13708: result: yes
configure:13708: checking for memset
configure:13708: gcc -o conftest -g -O2   conftest.c -lz -lm  >&5
conftest.c:79:6: warning: conflicting types for built-in function 'memset' [-Wbuiltin-declaration-mismatch]
 char memset ();
      ^~~~~~
configure:13708: $? = 0
configure:13708: result: yes
configure:13708: checking for pow
configure:13708: gcc -o conftest -g -O2   conftest.c -lz -lm  >&5
conftest.c:80:6: warning: conflicting types for built-in function 'pow' [-Wbuiltin-declaration-mismatch]
 char pow ();
      ^~~
configure:13708: $? = 0
configure:13708: result: yes
configure:13708: checking for rint
configure:13708: gcc -o conftest -g -O2   conftest.c -lz -lm  >&5
conftest.c:81:6: warning: conflicting types for built-in function 'rint' [-Wbuiltin-declaration-mismatch]
 char rint ();
      ^~~~
configure:13708: $? = 0
configure:13708: result: yes
configure:13708: checking for socket
configure:13708: gcc -o conftest -g -O2   conftest.c -lz -lm  >&5
configure:13708: $? = 0
configure:13708: result: yes
configure:13708: checking for sqrt
configure:13708: gcc -o conftest -g -O2   conftest.c -lz -lm  >&5
conftest.c:83:6: warning: conflicting types for built-in function 'sqrt' [-Wbuiltin-declaration-mismatch]
 char sqrt ();
      ^~~~
configure:13708: $? = 0
configure:13708: result: yes
configure:13708: checking for strchr
configure:13708: gcc -o conftest -g -O2   conftest.c -lz -lm  >&5
conftest.c:84:6: warning: conflicting types for built-in function 'strchr' [-Wbuiltin-declaration-mismatch]
 char strchr ();
      ^~~~~~
configure:13708: $? = 0
configure:13708: result: yes
configure:13708: checking for strcspn
configure:13708: gcc -o conftest -g -O2   conftest.c -lz -lm  >&5
conftest.c:85:6: warning: conflicting types for built-in function 'strcspn' [-Wbuiltin-declaration-mismatch]
 char strcspn ();
      ^~~~~~~
configure:13708: $? = 0
configure:13708: result: yes
configure:13708: checking for strdup
configure:13708: gcc -o conftest -g -O2   conftest.c -lz -lm  >&5
conftest.c:86:6: warning: conflicting types for built-in function 'strdup' [-Wbuiltin-declaration-mismatch]
 char strdup ();
      ^~~~~~
configure:13708: $? = 0
configure:13708: result: yes
configure:13708: checking for strspn
configure:13708: gcc -o conftest -g -O2   conftest.c -lz -lm  >&5
conftest.c:87:6: warning: conflicting types for built-in function 'strspn' [-Wbuiltin-declaration-mismatch]
 char strspn ();
      ^~~~~~
configure:13708: $? = 0
configure:13708: result: yes
configure:13708: checking for strstr
configure:13708: gcc -o conftest -g -O2   conftest.c -lz -lm  >&5
conftest.c:88:6: warning: conflicting types for built-in function 'strstr' [-Wbuiltin-declaration-mismatch]
 char strstr ();
      ^~~~~~
configure:13708: $? = 0
configure:13708: result: yes
configure:13719: checking for strlcpy
configure:13719: gcc -o conftest -g -O2   conftest.c -lz -lm  >&5
/tmp/ccAFFAl0.o: In function `main':
/home/melvin/Desktop/cleaned_workflow/external_scripts/meme/conftest.c:100: undefined reference to `strlcpy'
collect2: error: ld returned 1 exit status
configure:13719: $? = 1
configure: failed program was:
| /* confdefs.h */
| #define PACKAGE_NAME "meme"
| #define PACKAGE_TARNAME "meme"
| #define PACKAGE_VERSION "5.0.1"
| #define PACKAGE_STRING "meme 5.0.1"
| #define PACKAGE_BUGREPORT ""
| #define PACKAGE_URL ""
| #define PACKAGE "meme"
| #define VERSION "5.0.1"
| #define STDC_HEADERS 1
| #define HAVE_SYS_TYPES_H 1
| #define HAVE_SYS_STAT_H 1
| #define HAVE_STDLIB_H 1
| #define HAVE_STRING_H 1
| #define HAVE_MEMORY_H 1
| #define HAVE_STRINGS_H 1
| #define HAVE_INTTYPES_H 1
| #define HAVE_STDINT_H 1
| #define HAVE_UNISTD_H 1
| #define HAVE_DLFCN_H 1
| #define LT_OBJDIR ".libs/"
| #define HOSTNAME "melvin-GE72-2QF"
| #define HAVE_LIBM 1
| #define HAVE_LIBZ 1
| #define STDC_HEADERS 1
| #define HAVE_SYS_WAIT_H 1
| #define HAVE_ARPA_INET_H 1
| #define HAVE_CTYPE_H 1
| #define HAVE_FCNTL_H 1
| #define HAVE_LIMITS_H 1
| #define HAVE_NETDB_H 1
| #define HAVE_NETINET_IN_H 1
| #define HAVE_STDLIB_H 1
| #define HAVE_STRING_H 1
| #define HAVE_STRINGS_H 1
| #define HAVE_SYS_SOCKET_H 1
| #define HAVE_SYS_TIME_H 1
| #define HAVE_UNISTD_H 1
| #define HAVE__BOOL 1
| #define HAVE_STDBOOL_H 1
| #define HAVE_FORK 1
| #define HAVE_VFORK 1
| #define HAVE_WORKING_VFORK 1
| #define HAVE_WORKING_FORK 1
| #define HAVE_STDLIB_H 1
| #define HAVE_MALLOC 1
| #define HAVE_STDLIB_H 1
| #define HAVE_REALLOC 1
| #define RETSIGTYPE void
| #define LSTAT_FOLLOWS_SLASHED_SYMLINK 1
| #define HAVE_FLOOR 1
| #define HAVE_GETCWD 1
| #define HAVE_GETHOSTBYNAME 1
| #define HAVE_ISASCII 1
| #define HAVE_MEMSET 1
| #define HAVE_POW 1
| #define HAVE_RINT 1
| #define HAVE_SOCKET 1
| #define HAVE_SQRT 1
| #define HAVE_STRCHR 1
| #define HAVE_STRCSPN 1
| #define HAVE_STRDUP 1
| #define HAVE_STRSPN 1
| #define HAVE_STRSTR 1
| /* end confdefs.h.  */
| /* Define strlcpy to an innocuous variant, in case <limits.h> declares strlcpy.
|    For example, HP-UX 11i <limits.h> declares gettimeofday.  */
| #define strlcpy innocuous_strlcpy
| 
| /* System header to define __stub macros and hopefully few prototypes,
|     which can conflict with char strlcpy (); below.
|     Prefer <limits.h> to <assert.h> if __STDC__ is defined, since
|     <limits.h> exists even on freestanding compilers.  */
| 
| #ifdef __STDC__
| # include <limits.h>
| #else
| # include <assert.h>
| #endif
| 
| #undef strlcpy
| 
| /* Override any GCC internal prototype to avoid an error.
|    Use char because int might match the return type of a GCC
|    builtin and then its argument prototype would still apply.  */
| #ifdef __cplusplus
| extern "C"
| #endif
| char strlcpy ();
| /* The GNU C library defines this for functions which it implements
|     to always fail with ENOSYS.  Some functions are actually named
|     something starting with __ and the normal name is an alias.  */
| #if defined __stub_strlcpy || defined __stub___strlcpy
| choke me
| #endif
| 
| int
| main ()
| {
| return strlcpy ();
|   ;
|   return 0;
| }
configure:13719: result: no
configure:14143: checking for mpicc
configure:14161: found /usr/bin/mpicc
configure:14173: result: /usr/bin/mpicc
configure:14188: checking for mpirun
configure:14206: found /usr/bin/mpirun
configure:14218: result: /usr/bin/mpirun
configure:14237: checking for MPI_Comm_rank in -lmpi
configure:14262: gcc -o conftest -std=gnu89 -Wall -Wno-unused -DUNIX -D__USE_FIXED_PROTOTYPES__    conftest.c -lmpi  -lz -lm  >&5
configure:14262: $? = 0
configure:14271: result: yes
configure:14573: checking for perl
configure:14603: result: /usr/bin/perl
configure:14627: checking for python
configure:14657: result: /home/melvin/anaconda3/envs/dhcl_p/bin/python
configure:14689: checking for python3
configure:14707: found /home/melvin/anaconda3/bin/python3
configure:14719: result: /home/melvin/anaconda3/bin/python3
configure:14751: checking for convert
configure:14781: result: /usr/bin/convert
configure:14806: checking for gs
configure:14836: result: /usr/bin/gs
configure:15029: checking that generated files are newer than configure
configure:15035: result: done
configure:15102: creating ./config.status
configure:17313: WARNING:     
Checking Required Perl Modules:
File::Which missing.
HTML::Template missing.
JSON missing.

Checking Optional Modules:
Log::Log4perl missing. Used for logging and debugging by developers.
Math::CDF missing. Only required for fasta-enriched-center script (which is not called by the web scripts).
XML::Compile::SOAP11 missing. Used for downloading sequence databases from RSAT.
On Ubuntu, you may first need to run 'sudo apt-get install libxml2-dev'
XML::Compile::WSDL11 missing. Used for downloading sequence databases from RSAT
XML::Compile::Transport::SOAPHTTP missing. Used for downloading sequence databases from RSAT   

## ---------------- ##
## Cache variables. ##
## ---------------- ##

ac_cv_build=x86_64-unknown-linux-gnu
ac_cv_c_compiler_gnu=yes
ac_cv_c_const=yes
ac_cv_env_CC_set=
ac_cv_env_CC_value=
ac_cv_env_CFLAGS_set=
ac_cv_env_CFLAGS_value=
ac_cv_env_CPPFLAGS_set=
ac_cv_env_CPPFLAGS_value=
ac_cv_env_CPP_set=
ac_cv_env_CPP_value=
ac_cv_env_LDFLAGS_set=
ac_cv_env_LDFLAGS_value=
ac_cv_env_LIBS_set=
ac_cv_env_LIBS_value=
ac_cv_env_LT_SYS_LIBRARY_PATH_set=
ac_cv_env_LT_SYS_LIBRARY_PATH_value=
ac_cv_env_build_alias_set=
ac_cv_env_build_alias_value=
ac_cv_env_host_alias_set=
ac_cv_env_host_alias_value=
ac_cv_env_target_alias_set=
ac_cv_env_target_alias_value=
ac_cv_func_floor=yes
ac_cv_func_fork=yes
ac_cv_func_fork_works=yes
ac_cv_func_getcwd=yes
ac_cv_func_gethostbyname=yes
ac_cv_func_isascii=yes
ac_cv_func_lstat_dereferences_slashed_symlink=yes
ac_cv_func_malloc_0_nonnull=yes
ac_cv_func_memset=yes
ac_cv_func_pow=yes
ac_cv_func_realloc_0_nonnull=yes
ac_cv_func_rint=yes
ac_cv_func_socket=yes
ac_cv_func_sqrt=yes
ac_cv_func_stat_empty_string_bug=no
ac_cv_func_strchr=yes
ac_cv_func_strcspn=yes
ac_cv_func_strdup=yes
ac_cv_func_strlcpy=no
ac_cv_func_strspn=yes
ac_cv_func_strstr=yes
ac_cv_func_vfork=yes
ac_cv_func_vfork_works=yes
ac_cv_header_arpa_inet_h=yes
ac_cv_header_ctype_h=yes
ac_cv_header_dlfcn_h=yes
ac_cv_header_fcntl_h=yes
ac_cv_header_inttypes_h=yes
ac_cv_header_limits_h=yes
ac_cv_header_memory_h=yes
ac_cv_header_netdb_h=yes
ac_cv_header_netinet_in_h=yes
ac_cv_header_stdbool_h=yes
ac_cv_header_stdc=yes
ac_cv_header_stdint_h=yes
ac_cv_header_stdlib_h=yes
ac_cv_header_string_h=yes
ac_cv_header_strings_h=yes
ac_cv_header_sys_socket_h=yes
ac_cv_header_sys_stat_h=yes
ac_cv_header_sys_time_h=yes
ac_cv_header_sys_types_h=yes
ac_cv_header_sys_wait_h=yes
ac_cv_header_unistd_h=yes
ac_cv_header_vfork_h=no
ac_cv_host=x86_64-unknown-linux-gnu
ac_cv_lib_m_isnan__sqrt__log__exp__fabs__pow__floor__ceil=yes
ac_cv_lib_mpi_MPI_Comm_rank=yes
ac_cv_lib_z_compress=yes
ac_cv_objext=o
ac_cv_path_CONVERT=/usr/bin/convert
ac_cv_path_EGREP='/bin/grep -E'
ac_cv_path_FGREP='/bin/grep -F'
ac_cv_path_GHOSTSCRIPT=/usr/bin/gs
ac_cv_path_GREP=/bin/grep
ac_cv_path_LD='/usr/bin/x86_64-linux-gnu-ld -m elf_x86_64'
ac_cv_path_MPICC=/usr/bin/mpicc
ac_cv_path_MPIRUN=/usr/bin/mpirun
ac_cv_path_PERL=/usr/bin/perl
ac_cv_path_PYTHON3=/home/melvin/anaconda3/bin/python3
ac_cv_path_PYTHON=/home/melvin/anaconda3/envs/dhcl_p/bin/python
ac_cv_path_SED=/bin/sed
ac_cv_path_SENDMAIL=/usr/lib/sendmail
ac_cv_path_XML2_CONFIG=/home/melvin/anaconda3/bin/xml2-config
ac_cv_path_XSLT_CONFIG=/home/melvin/anaconda3/bin/xslt-config
ac_cv_path_install='/usr/bin/install -c'
ac_cv_path_lt_DD=/bin/dd
ac_cv_path_mkdir=/bin/mkdir
ac_cv_prog_AWK=gawk
ac_cv_prog_CPP='gcc -E'
ac_cv_prog_ac_ct_AR=ar
ac_cv_prog_ac_ct_CC=gcc
ac_cv_prog_ac_ct_MANIFEST_TOOL=mt
ac_cv_prog_ac_ct_OBJDUMP=objdump
ac_cv_prog_ac_ct_RANLIB=ranlib
ac_cv_prog_ac_ct_STRIP=strip
ac_cv_prog_cc_c89=
ac_cv_prog_cc_g=yes
ac_cv_prog_cc_gcc_c_o=yes
ac_cv_prog_make_make_set=yes
ac_cv_type__Bool=yes
ac_cv_type_pid_t=yes
ac_cv_type_signal=void
ac_cv_type_size_t=yes
am_cv_CC_dependencies_compiler_type=gcc3
am_cv_make_support_nested_variables=yes
am_cv_prog_cc_c_o=yes
lt_cv_ar_at_file=@
lt_cv_archive_cmds_need_lc=no
lt_cv_deplibs_check_method=pass_all
lt_cv_file_magic_cmd='$MAGIC_CMD'
lt_cv_file_magic_test_file=
lt_cv_ld_reload_flag=-r
lt_cv_nm_interface='BSD nm'
lt_cv_objdir=.libs
lt_cv_path_LD=/usr/bin/x86_64-linux-gnu-ld
lt_cv_path_NM='/usr/bin/nm -B'
lt_cv_path_mainfest_tool=no
lt_cv_prog_compiler_c_o=yes
lt_cv_prog_compiler_pic='-fPIC -DPIC'
lt_cv_prog_compiler_pic_works=yes
lt_cv_prog_compiler_rtti_exceptions=no
lt_cv_prog_compiler_static_works=yes
lt_cv_prog_gnu_ld=yes
lt_cv_sharedlib_from_linklib_cmd='printf %s\n'
lt_cv_shlibpath_overrides_runpath=yes
lt_cv_sys_global_symbol_pipe='sed -n -e '\''s/^.*[	 ]\([ABCDGIRSTW][ABCDGIRSTW]*\)[	 ][	 ]*\([_A-Za-z][_A-Za-z0-9]*\)$/\1 \2 \2/p'\'' | sed '\''/ __gnu_lto/d'\'''
lt_cv_sys_global_symbol_to_c_name_address='sed -n -e '\''s/^: \(.*\) .*$/  {"\1", (void *) 0},/p'\'' -e '\''s/^[ABCDGIRSTW][ABCDGIRSTW]* .* \(.*\)$/  {"\1", (void *) \&\1},/p'\'''
lt_cv_sys_global_symbol_to_c_name_address_lib_prefix='sed -n -e '\''s/^: \(.*\) .*$/  {"\1", (void *) 0},/p'\'' -e '\''s/^[ABCDGIRSTW][ABCDGIRSTW]* .* \(lib.*\)$/  {"\1", (void *) \&\1},/p'\'' -e '\''s/^[ABCDGIRSTW][ABCDGIRSTW]* .* \(.*\)$/  {"lib\1", (void *) \&\1},/p'\'''
lt_cv_sys_global_symbol_to_cdecl='sed -n -e '\''s/^T .* \(.*\)$/extern int \1();/p'\'' -e '\''s/^[ABCDGIRSTW][ABCDGIRSTW]* .* \(.*\)$/extern char \1;/p'\'''
lt_cv_sys_global_symbol_to_import=
lt_cv_sys_max_cmd_len=1572864
lt_cv_to_host_file_cmd=func_convert_file_noop
lt_cv_to_tool_file_cmd=func_convert_file_noop
lt_cv_truncate_bin='/bin/dd bs=4096 count=1'

## ----------------- ##
## Output variables. ##
## ----------------- ##

ACLOCAL='${SHELL} /home/melvin/Desktop/cleaned_workflow/external_scripts/meme/config/missing aclocal-1.15'
AMDEPBACKSLASH='\'
AMDEP_FALSE='#'
AMDEP_TRUE=''
AMTAR='$${TAR-tar}'
AM_BACKSLASH='\'
AM_DEFAULT_V='$(AM_DEFAULT_VERBOSITY)'
AM_DEFAULT_VERBOSITY='1'
AM_V='$(V)'
ANT=''
AR='ar'
AUTOCONF='${SHELL} /home/melvin/Desktop/cleaned_workflow/external_scripts/meme/config/missing autoconf'
AUTOHEADER='${SHELL} /home/melvin/Desktop/cleaned_workflow/external_scripts/meme/config/missing autoheader'
AUTOMAKE='${SHELL} /home/melvin/Desktop/cleaned_workflow/external_scripts/meme/config/missing automake-1.15'
AWK='gawk'
BUILD_LIBXML2_FALSE='#'
BUILD_LIBXML2_TRUE=''
BUILD_LIBXSLT_FALSE='#'
BUILD_LIBXSLT_TRUE=''
CATALINA_HOME=''
CC='gcc'
CCDEPMODE='depmode=gcc3'
CFLAGS='-std=gnu89 -Wall -Wno-unused -DUNIX -D__USE_FIXED_PROTOTYPES__   -O3'
CONTACT=''
CONVERT='/usr/bin/convert'
CPP='gcc -E'
CPPFLAGS=''
CYGPATH_W='echo'
DEBUG_FLAGS=''
DEFS='-DHAVE_CONFIG_H'
DEPDIR='.deps'
DEV_CONTACT='meme-suite@uw.edu'
DLLTOOL='false'
DSYMUTIL=''
DUMPBIN=''
ECHO_C=''
ECHO_N='-n'
ECHO_T=''
EGREP='/bin/grep -E'
EXEEXT=''
EXPIRY='4'
FGREP='/bin/grep -F'
GHOSTSCRIPT='/usr/bin/gs'
GOSERVER_URL='http://amigo.geneontology.org/cgi-bin/amigo/term_details?term=GO_TERM_ID'
GREP='/bin/grep'
HAVE_PYTHON3_FALSE='#'
HAVE_PYTHON3_TRUE=''
HAVE_PYTHON_FALSE='#'
HAVE_PYTHON_TRUE=''
HOSTNAME='melvin-GE72-2QF'
INSTALL_DATA='${INSTALL} -m 644'
INSTALL_PROGRAM='${INSTALL}'
INSTALL_SCRIPT='${INSTALL}'
INSTALL_STRIP_PROGRAM='$(install_sh) -c -s'
LAMBIN=''
LD='/usr/bin/x86_64-linux-gnu-ld -m elf_x86_64'
LDFLAGS=''
LIBEXSLT_CFLAGS='-I${top_srcdir}/src/libexslt'
LIBEXSLT_LIBS='${top_builddir}/src/libexslt/libexslt.la'
LIBOBJS=''
LIBS='-lmpi -lz -lm '
LIBTOOL='$(SHELL) $(top_builddir)/libtool'
LIBXML2_CFLAGS='-I${top_srcdir}/src/libxml2/include'
LIBXML2_LIBS='${top_builddir}/src/libxml2/libxml2.la'
LIBXSLT_CFLAGS='-I${top_srcdir}/src/'
LIBXSLT_LIBS='${top_builddir}/src/libxslt/libxslt.la'
LIPO=''
LN_S='ln -s'
LTLIBOBJS=''
LT_SYS_LIBRARY_PATH=''
MACHID='linux'
MAKEINFO='${SHELL} /home/melvin/Desktop/cleaned_workflow/external_scripts/meme/config/missing makeinfo'
MANIFEST_TOOL=':'
MAST_PORT=''
MAXTIME='18000'
MEME_DB='${datarootdir}/${PACKAGE_NAME}-5.0.1/db'
MEME_DIRECTORY='${prefix}'
MEME_LOGS='${localstatedir}/${PACKAGE_NAME}-5.0.1/LOGS'
MEME_PORT=''
MEME_TEMP=''
METAMEME_EXTERNAL_FALSE=''
METAMEME_EXTERNAL_TRUE='#'
MKDIR_P='/bin/mkdir -p'
MPICC='/usr/bin/mpicc'
MPIFLAGS='-DPARALLEL '
MPIINC='-DMPI -I/usr/include'
MPILIBDIR='/usr/lib'
MPIRUN='/usr/bin/mpirun'
MPITYPE='mpich'
MPI_CMD='/usr/bin/mpirun --allow-run-as-root -np'
NEWS_URL='./news.txt'
NM='/usr/bin/nm -B'
NMEDIT=''
NOTICES_URL='./notices.txt'
OBJDUMP='objdump'
OBJEXT='o'
OPAL_DEPLOY=''
OPAL_URL='no'
OPT_FLAGS='-O3'
OTOOL64=''
OTOOL=''
PACKAGE='meme'
PACKAGE_BUGREPORT=''
PACKAGE_NAME='meme'
PACKAGE_STRING='meme 5.0.1'
PACKAGE_TARNAME='meme'
PACKAGE_URL=''
PACKAGE_VERSION='5.0.1'
PARALLEL_FALSE='#'
PARALLEL_IS_LAM_FALSE=''
PARALLEL_IS_LAM_TRUE='#'
PARALLEL_TRUE=''
PATH_SEPARATOR=':'
PERL='/usr/bin/perl'
PREV_URL=''
PREV_VER=''
PYTHON3='/home/melvin/anaconda3/bin/python3'
PYTHON='/home/melvin/anaconda3/envs/dhcl_p/bin/python'
QUOTA=''
RANLIB='ranlib'
SED='/bin/sed'
SENDMAIL='/usr/lib/sendmail'
SET_MAKE=''
SHELL='/bin/bash'
STRIP='strip'
URL='http://meme-suite.org/'
VERSION='5.0.1'
WANT_STRLCPY_FALSE='#'
WANT_STRLCPY_TRUE=''
WEBEITHER_FALSE=''
WEBEITHER_TRUE='#'
WEBSERVICE=''
WEBSERVICE_FALSE=''
WEBSERVICE_TRUE='#'
WEBSITE_FALSE=''
WEBSITE_TRUE='#'
XML2_CONFIG='/home/melvin/anaconda3/bin/xml2-config'
XSLT_CONFIG='/home/melvin/anaconda3/bin/xslt-config'
ac_ct_AR='ar'
ac_ct_CC='gcc'
ac_ct_DUMPBIN=''
am__EXEEXT_FALSE=''
am__EXEEXT_TRUE='#'
am__fastdepCC_FALSE='#'
am__fastdepCC_TRUE=''
am__include='include'
am__isrc=''
am__leading_dot='.'
am__nodep='_no'
am__quote=''
am__tar='$${TAR-tar} chof - "$$tardir"'
am__untar='$${TAR-tar} xf -'
bindir='${exec_prefix}/bin'
build='x86_64-unknown-linux-gnu'
build_alias=''
build_cpu='x86_64'
build_os='linux-gnu'
build_vendor='unknown'
datadir='${datarootdir}'
datarootdir='${prefix}/share'
docdir='${datarootdir}/doc/${PACKAGE_TARNAME}'
dvidir='${docdir}'
exec_prefix='${prefix}'
host='x86_64-unknown-linux-gnu'
host_alias=''
host_cpu='x86_64'
host_os='linux-gnu'
host_vendor='unknown'
htmldir='${docdir}'
includedir='${prefix}/include'
infodir='${datarootdir}/info'
install_sh='${SHELL} /home/melvin/Desktop/cleaned_workflow/external_scripts/meme/config/install-sh'
libdir='${exec_prefix}/lib'
libexecdir='${exec_prefix}/libexec'
localedir='${datarootdir}/locale'
localstatedir='${prefix}/var'
mandir='${datarootdir}/man'
mkdir_p='$(MKDIR_P)'
oldincludedir='/usr/include'
pdfdir='${docdir}'
prefix='/home/melvin/Desktop/cleaned_workflow/external_scripts/meme'
program_transform_name='s,x,x,'
psdir='${docdir}'
runstatedir='${localstatedir}/run'
sbindir='${exec_prefix}/sbin'
sharedstatedir='${prefix}/com'
sysconfdir='${prefix}/etc'
target_alias=''

## ----------- ##
## confdefs.h. ##
## ----------- ##

/* confdefs.h */
#define PACKAGE_NAME "meme"
#define PACKAGE_TARNAME "meme"
#define PACKAGE_VERSION "5.0.1"
#define PACKAGE_STRING "meme 5.0.1"
#define PACKAGE_BUGREPORT ""
#define PACKAGE_URL ""
#define PACKAGE "meme"
#define VERSION "5.0.1"
#define STDC_HEADERS 1
#define HAVE_SYS_TYPES_H 1
#define HAVE_SYS_STAT_H 1
#define HAVE_STDLIB_H 1
#define HAVE_STRING_H 1
#define HAVE_MEMORY_H 1
#define HAVE_STRINGS_H 1
#define HAVE_INTTYPES_H 1
#define HAVE_STDINT_H 1
#define HAVE_UNISTD_H 1
#define HAVE_DLFCN_H 1
#define LT_OBJDIR ".libs/"
#define HOSTNAME "melvin-GE72-2QF"
#define HAVE_LIBM 1
#define HAVE_LIBZ 1
#define STDC_HEADERS 1
#define HAVE_SYS_WAIT_H 1
#define HAVE_ARPA_INET_H 1
#define HAVE_CTYPE_H 1
#define HAVE_FCNTL_H 1
#define HAVE_LIMITS_H 1
#define HAVE_NETDB_H 1
#define HAVE_NETINET_IN_H 1
#define HAVE_STDLIB_H 1
#define HAVE_STRING_H 1
#define HAVE_STRINGS_H 1
#define HAVE_SYS_SOCKET_H 1
#define HAVE_SYS_TIME_H 1
#define HAVE_UNISTD_H 1
#define HAVE__BOOL 1
#define HAVE_STDBOOL_H 1
#define HAVE_FORK 1
#define HAVE_VFORK 1
#define HAVE_WORKING_VFORK 1
#define HAVE_WORKING_FORK 1
#define HAVE_STDLIB_H 1
#define HAVE_MALLOC 1
#define HAVE_STDLIB_H 1
#define HAVE_REALLOC 1
#define RETSIGTYPE void
#define LSTAT_FOLLOWS_SLASHED_SYMLINK 1
#define HAVE_FLOOR 1
#define HAVE_GETCWD 1
#define HAVE_GETHOSTBYNAME 1
#define HAVE_ISASCII 1
#define HAVE_MEMSET 1
#define HAVE_POW 1
#define HAVE_RINT 1
#define HAVE_SOCKET 1
#define HAVE_SQRT 1
#define HAVE_STRCHR 1
#define HAVE_STRCSPN 1
#define HAVE_STRDUP 1
#define HAVE_STRSPN 1
#define HAVE_STRSTR 1
#define Linux /**/
#define HAVE_LIBMPI 1
#define SITE_URL "http://meme-suite.org/"
#define PERL "/usr/bin/perl"
#define PYTHON "/home/melvin/anaconda3/envs/dhcl_p/bin/python"
#define PYTHON3 "/home/melvin/anaconda3/bin/python3"
#define CONVERT_PATH "/usr/bin/convert"
#define GHOSTSCRIPT_PATH "/usr/bin/gs"

configure: exit 0

## ---------------------- ##
## Running config.status. ##
## ---------------------- ##

This file was extended by meme config.status 5.0.1, which was
generated by GNU Autoconf 2.69.  Invocation command line was

  CONFIG_FILES    = 
  CONFIG_HEADERS  = 
  CONFIG_LINKS    = 
  CONFIG_COMMANDS = 
  $ ./config.status 

on melvin-GE72-2QF

config.status:1255: creating Makefile
config.status:1255: creating doc/Makefile
config.status:1255: creating doc/css/Makefile
config.status:1255: creating doc/examples/Makefile
config.status:1255: creating doc/examples/compute_prior_dist_example_output_files/Makefile
config.status:1255: creating doc/examples/sample_opal_scripts/Makefile
config.status:1255: creating doc/images/Makefile
config.status:1255: creating doc/js/Makefile
config.status:1255: creating etc/Makefile
config.status:1255: creating src/filters/Makefile
config.status:1255: creating src/filters/purge/Makefile
config.status:1255: creating src/filters/dust/Makefile
config.status:1255: creating scripts/Makefile
config.status:1255: creating src/Makefile
config.status:1255: creating src/libxml2/Makefile
config.status:1255: creating src/libxml2/include/Makefile
config.status:1255: creating src/libxml2/include/libxml/Makefile
config.status:1255: creating src/libxslt/Makefile
config.status:1255: creating src/libexslt/Makefile
config.status:1255: creating src/parallel/Makefile
config.status:1255: creating tests/Makefile
config.status:1255: creating tests/ame/Makefile
config.status:1255: creating tests/centrimo/Makefile
config.status:1255: creating tests/clustalw2fasta/Makefile
config.status:1255: creating tests/common/Makefile
config.status:1255: creating tests/common/motif.crp0/Makefile
config.status:1255: creating tests/common/motif.Puf3p/Makefile
config.status:1255: creating tests/create-priors/Makefile
config.status:1255: creating tests/draw-mhmm/Makefile
config.status:1255: creating tests/dreme/Makefile
config.status:1255: creating tests/fasta-center/Makefile
config.status:1255: creating tests/fimo/Makefile
config.status:1255: creating tests/glam2/Makefile
config.status:1255: creating tests/glam2scan/Makefile
config.status:1255: creating tests/gomo/Makefile
config.status:1255: creating tests/mast/Makefile
config.status:1255: creating tests/mcast/Makefile
config.status:1255: creating tests/meme/Makefile
config.status:1255: creating tests/meme-chip/Makefile
config.status:1255: creating tests/mhmm/Makefile
config.status:1255: creating tests/mhmms/Makefile
config.status:1255: creating tests/mhmmscan/Makefile
config.status:1255: creating tests/momo/Makefile
config.status:1255: creating tests/motiph/Makefile
config.status:1255: creating tests/psp-gen/Makefile
config.status:1255: creating tests/qvalue/Makefile
config.status:1255: creating tests/scaffold/Makefile
config.status:1255: creating tests/spamo/Makefile
config.status:1255: creating tests/scripts/Makefile
config.status:1255: creating tests/tomtom/Makefile
config.status:1255: creating tests/web/Makefile
config.status:1255: creating config.h
config.status:1436: config.h is unchanged
config.status:1484: executing depfiles commands
config.status:1484: executing libtool commands

## ---------------------- ##
## Running config.status. ##
## ---------------------- ##

This file was extended by meme config.status 5.0.1, which was
generated by GNU Autoconf 2.69.  Invocation command line was

  CONFIG_FILES    = 
  CONFIG_HEADERS  = 
  CONFIG_LINKS    = 
  CONFIG_COMMANDS = 
  $ ./config.status config.h

on melvin-GE72-2QF

config.status:1255: creating config.h
config.status:1436: config.h is unchanged
